Using pre-set license
Built from '2020.3/staging' branch; Version is '2020.3.17f1 (a4537701e4ab) revision 10769271'; Using compiler version '192528614'; Build Type 'Release'
OS: 'Windows 10 Home; OS build 19043.1165; Version 2009; 64bit' Language: 'en' Physical Memory: 16236 MB
BatchMode: 1, IsHumanControllingUs: 0, StartBugReporterOnCrash: 0, Is64bit: 1, IsPro: 0

COMMAND LINE ARGUMENTS:
C:\Program Files\Unity\Hub\Editor\2020.3.17f1\Editor\Unity.exe
-adb2
-batchMode
-noUpm
-name
AssetImportWorker0
-projectPath
D:/Projects/haithere/unity-uikits/haithere-uikits
-logFile
Logs/AssetImportWorker0.log
-srvPort
54263
Successfully changed project path to: D:/Projects/haithere/unity-uikits/haithere-uikits
D:/Projects/haithere/unity-uikits/haithere-uikits
Using Asset Import Pipeline V2.
Refreshing native plugins compatible for Editor in 50.01 ms, found 2 plugins.
Preloading 0 native plugins for Editor in 0.00 ms.
Initialize engine version: 2020.3.17f1 (a4537701e4ab)
[Subsystems] Discovering subsystems at path C:/Program Files/Unity/Hub/Editor/2020.3.17f1/Editor/Data/Resources/UnitySubsystems
[Subsystems] Discovering subsystems at path D:/Projects/haithere/unity-uikits/haithere-uikits/Assets
GfxDevice: creating device client; threaded=0
Direct3D:
    Version:  Direct3D 11.0 [level 11.1]
    Renderer: NVIDIA GeForce RTX 3070 Laptop GPU (ID=0x24dd)
    Vendor:   
    VRAM:     8044 MB
    Driver:   30.0.14.7196
Initialize mono
Mono path[0] = 'C:/Program Files/Unity/Hub/Editor/2020.3.17f1/Editor/Data/Managed'
Mono path[1] = 'C:/Program Files/Unity/Hub/Editor/2020.3.17f1/Editor/Data/MonoBleedingEdge/lib/mono/unityjit'
Mono config path = 'C:/Program Files/Unity/Hub/Editor/2020.3.17f1/Editor/Data/MonoBleedingEdge/etc'
Using monoOptions --debugger-agent=transport=dt_socket,embedding=1,server=y,suspend=n,address=127.0.0.1:56472
Begin MonoManager ReloadAssembly
Registering precompiled unity dll's ...
Register platform support module: C:/Program Files/Unity/Hub/Editor/2020.3.17f1/Editor/Data/PlaybackEngines/WindowsStandaloneSupport/UnityEditor.WindowsStandalone.Extensions.dll
Registered in 0.001938 seconds.
Native extension for WindowsStandalone target not found
Refreshing native plugins compatible for Editor in 33.95 ms, found 2 plugins.
Preloading 0 native plugins for Editor in 0.00 ms.
Mono: successfully reloaded assembly
- Completed reload, in  1.464 seconds
Domain Reload Profiling:
	ReloadAssembly (1464ms)
		BeginReloadAssembly (68ms)
			ExecutionOrderSort (0ms)
			DisableScriptedObjects (0ms)
			BackupInstance (0ms)
			ReleaseScriptingObjects (0ms)
			CreateAndSetChildDomain (1ms)
		EndReloadAssembly (443ms)
			LoadAssemblies (65ms)
			RebuildTransferFunctionScriptingTraits (0ms)
			SetupTypeCache (177ms)
			ReleaseScriptCaches (0ms)
			RebuildScriptCaches (31ms)
			SetupLoadedEditorAssemblies (163ms)
				LogAssemblyErrors (0ms)
				InitializePlatformSupportModulesInManaged (4ms)
				SetLoadedEditorAssemblies (0ms)
				RefreshPlugins (34ms)
				BeforeProcessingInitializeOnLoad (13ms)
				ProcessInitializeOnLoadAttributes (83ms)
				ProcessInitializeOnLoadMethodAttributes (28ms)
				AfterProcessingInitializeOnLoad (0ms)
				EditorAssembliesLoaded (0ms)
			ExecutionOrderSort2 (0ms)
			AwakeInstancesAfterBackupRestoration (0ms)
Platform modules already initialized, skipping
Registering precompiled user dll's ...
Registered in 0.003294 seconds.
Begin MonoManager ReloadAssembly
Symbol file LoadedFromMemory is not a mono symbol file
The scripted importer 'UIElementsViewImporter' attempted to register file type '.uxml', which is handled by a native Unity importer. Registration rejected.
UnityEngine.StackTraceUtility:ExtractStackTrace ()
UnityEditor.AssetImporters.ScriptedImporter:RegisterScriptedImporters ()

[C:\buildslave\unity\build\Modules/AssetDatabase/Editor/Public/ImporterRegistry.cpp line 245]

The scripted importer 'StyleSheetImporter' attempted to register file type '.uss', which is handled by a native Unity importer. Registration rejected.
UnityEngine.StackTraceUtility:ExtractStackTrace ()
UnityEditor.AssetImporters.ScriptedImporter:RegisterScriptedImporters ()

[C:\buildslave\unity\build\Modules/AssetDatabase/Editor/Public/ImporterRegistry.cpp line 245]

The scripted importer 'ThemeStyleSheetImporter' attempted to register file type '.tss', which is handled by a native Unity importer. Registration rejected.
UnityEngine.StackTraceUtility:ExtractStackTrace ()
UnityEditor.AssetImporters.ScriptedImporter:RegisterScriptedImporters ()

[C:\buildslave\unity\build\Modules/AssetDatabase/Editor/Public/ImporterRegistry.cpp line 245]

Native extension for WindowsStandalone target not found
Refreshing native plugins compatible for Editor in 0.61 ms, found 2 plugins.
Preloading 0 native plugins for Editor in 0.00 ms.
ASSEMBLY OVERRIDES: * override found for Unity assembly UnityEngine.UIElementsModule.dll (override path Library/ScriptAssemblies/UnityEngine.UIElementsModule.dll)
ASSEMBLY OVERRIDES: * override found for Unity assembly UnityEditor.UIElementsModule.dll (override path Library/ScriptAssemblies/UnityEditor.UIElementsModule.dll)
System.Reflection.TargetInvocationException: Exception has been thrown by the target of an invocation. ---> UnityEngine.UnityException: The MakeClientFunc has already been registered. Registration denied.
  at UnityEngine.UIElements.DragAndDropUtility.RegisterMakeClientFunc (System.Func`1[TResult] makeClient) [0x00017] in <f28f649cfb6a4dd5a118cb05800b248d>:0 
  at UnityEditor.UIElements.EditorDragAndDrop.RegisterEditorClient () [0x0000a] in <17cba49fae414354b79f447a7073fc5b>:0 
  at (wrapper managed-to-native) System.Reflection.MonoMethod.InternalInvoke(System.Reflection.MonoMethod,object,object[],System.Exception&)
  at System.Reflection.MonoMethod.Invoke (System.Object obj, System.Reflection.BindingFlags invokeAttr, System.Reflection.Binder binder, System.Object[] parameters, System.Globalization.CultureInfo culture) [0x00032] in <695d1cc93cca45069c528c15c9fdd749>:0 
   --- End of inner exception stack trace ---
  at System.Reflection.MonoMethod.Invoke (System.Object obj, System.Reflection.BindingFlags invokeAttr, System.Reflection.Binder binder, System.Object[] parameters, System.Globalization.CultureInfo culture) [0x00048] in <695d1cc93cca45069c528c15c9fdd749>:0 
  at System.Reflection.MethodBase.Invoke (System.Object obj, System.Object[] parameters) [0x00000] in <695d1cc93cca45069c528c15c9fdd749>:0 
  at UnityEditor.EditorAssemblies.ProcessInitializeOnLoadMethodAttributes () [0x00047] in <d0e4b8c1204147f3935b6e9c8b8565ad>:0 
UnityEngine.StackTraceUtility:ExtractStackTrace ()
UnityEngine.DebugLogHandler:LogFormat (UnityEngine.LogType,UnityEngine.Object,string,object[])
UnityEngine.Logger:Log (UnityEngine.LogType,object)
UnityEngine.Debug:LogError (object)
UnityEditor.EditorAssemblies:ProcessInitializeOnLoadMethodAttributes ()

ASSEMBLY OVERRIDES: * override found for Unity assembly UnityEngine.UIElementsModule.dll (override path Library/ScriptAssemblies/UnityEngine.UIElementsModule.dll)
ASSEMBLY OVERRIDES: * override found for Unity assembly UnityEditor.UIElementsModule.dll (override path Library/ScriptAssemblies/UnityEditor.UIElementsModule.dll)
Mono: successfully reloaded assembly
ArgumentException: An item with the same key has already been added. Key: UnityEditor.UIElements.EditorAtlasMonitorInjector
Parameter name: key
  at System.Collections.Generic.SortedList`2[TKey,TValue].Add (TKey key, TValue value) [0x00041] in <0463b2ef957545c0a51b42f372cd4fbb>:0 
  at UnityEditor.AssetPostprocessingInternal.GetTextureProcessorsHashString () [0x000a2] in <d0e4b8c1204147f3935b6e9c8b8565ad>:0 
UnityEngine.DebugLogHandler:Internal_LogException(Exception, Object)
UnityEngine.DebugLogHandler:LogException(Exception, Object)
UnityEngine.Logger:LogException(Exception, Object)
UnityEngine.Debug:LogException(Exception)
UnityEditor.AssetPostprocessingInternal:GetTextureProcessorsHashString()

- Completed reload, in  1.414 seconds
Domain Reload Profiling:
	ReloadAssembly (1415ms)
		BeginReloadAssembly (169ms)
			ExecutionOrderSort (0ms)
			DisableScriptedObjects (5ms)
			BackupInstance (0ms)
			ReleaseScriptingObjects (0ms)
			CreateAndSetChildDomain (23ms)
		EndReloadAssembly (1169ms)
			LoadAssemblies (100ms)
			RebuildTransferFunctionScriptingTraits (0ms)
			SetupTypeCache (310ms)
			ReleaseScriptCaches (1ms)
			RebuildScriptCaches (72ms)
			SetupLoadedEditorAssemblies (562ms)
				LogAssemblyErrors (0ms)
				InitializePlatformSupportModulesInManaged (9ms)
				SetLoadedEditorAssemblies (0ms)
				RefreshPlugins (1ms)
				BeforeProcessingInitializeOnLoad (133ms)
				ProcessInitializeOnLoadAttributes (366ms)
				ProcessInitializeOnLoadMethodAttributes (23ms)
				AfterProcessingInitializeOnLoad (29ms)
				EditorAssembliesLoaded (0ms)
			ExecutionOrderSort2 (0ms)
			AwakeInstancesAfterBackupRestoration (9ms)
Platform modules already initialized, skipping
========================================================================
Worker process is ready to serve import requests
Launched and connected shader compiler UnityShaderCompiler.exe after 0.06 seconds
Refreshing native plugins compatible for Editor in 0.63 ms, found 2 plugins.
Preloading 0 native plugins for Editor in 0.00 ms.
Unloading 1838 Unused Serialized files (Serialized files now loaded: 0)
System memory in use before: 82.3 MB.
System memory in use after: 82.1 MB.

Unloading 28 unused Assets to reduce memory usage. Loaded Objects now: 2261.
Total: 4.471400 ms (FindLiveObjects: 0.382500 ms CreateObjectMapping: 0.173600 ms MarkObjects: 3.630500 ms  DeleteObjects: 0.282100 ms)

AssetImportParameters requested are different than current active one (requested -> active):
  custom:framework-win-MediaFoundation: 216162199b28c13a410421893ffa2e32 -> 
  custom:video-decoder-ogg-theora: a1e56fd34408186e4bbccfd4996cb3dc -> 
  custom:container-muxer-webm: aa71ff27fc2769a1b78a27578f13a17b -> 
  custom:container-demuxer-webm: 4f35f7cbe854078d1ac9338744f61a02 -> 
  custom:container-demuxer-ogg: 62fdf1f143b41e24485cea50d1cbac27 -> 
  custom:video-encoder-webm-vp8: eb34c28f22e8b96e1ab97ce403110664 -> 
  custom:video-codec-MediaFoundation-h265: 746d11721c4dcdbdad8f713fa42b33f4 -> 
  custom:video-decoder-webm-vp8: 9c59270c3fd7afecdb556c50c9e8de78 -> 
  custom:audio-decoder-ogg-vorbis: bf7c407c2cedff20999df2af8eb42d56 -> 
  custom:audio-encoder-webm-vorbis: bf7c407c2cedff20999df2af8eb42d56 -> 
========================================================================
Received Import Request.
  path: Packages/com.haithere.tools.uikits/package.json
  artifactKey: Guid(a550f80a2cac19d468dbf716f7bc8e1c) Importer(815301076,1909f56bfc062723c751e8b465ee728b)
Start importing Packages/com.haithere.tools.uikits/package.json using Guid(a550f80a2cac19d468dbf716f7bc8e1c) Importer(815301076,1909f56bfc062723c751e8b465ee728b)  -> (artifact id: 'c4a9c4158cae9e3f6d34c59e7bed472c') in 0.040000 seconds 
  Import took 0.044493 seconds .

========================================================================
Received Import Request.
  Time since last request: 27.009903 seconds.
  path: Packages/com.haithere.tools.uikits/package.json
  artifactKey: Guid(a550f80a2cac19d468dbf716f7bc8e1c) Importer(815301076,1909f56bfc062723c751e8b465ee728b)
Start importing Packages/com.haithere.tools.uikits/package.json using Guid(a550f80a2cac19d468dbf716f7bc8e1c) Importer(815301076,1909f56bfc062723c751e8b465ee728b)  -> (artifact id: 'cd5023070b695d246bf6e8fd995efc82') in 0.003371 seconds 
  Import took 0.006135 seconds .

========================================================================
Received Import Request.
  Time since last request: 60.364506 seconds.
  path: Packages/com.haithere.tools.uikits
  artifactKey: Guid(166605cddc8229db78739b8d20b7bb5f) Importer(815301076,1909f56bfc062723c751e8b465ee728b)
Start importing Packages/com.haithere.tools.uikits using Guid(166605cddc8229db78739b8d20b7bb5f) Importer(815301076,1909f56bfc062723c751e8b465ee728b)  -> (artifact id: '3c216507142f8996adde99dba7038d50') in 0.006436 seconds 
  Import took 0.009173 seconds .

========================================================================
Received Import Request.
  Time since last request: 15.905774 seconds.
  path: Packages/com.haithere.tools.uikits/com.haithere.uikits.asmdef
  artifactKey: Guid(2a6db46c464e8654fa175cf4d81b1d1d) Importer(815301076,1909f56bfc062723c751e8b465ee728b)
Start importing Packages/com.haithere.tools.uikits/com.haithere.uikits.asmdef using Guid(2a6db46c464e8654fa175cf4d81b1d1d) Importer(815301076,1909f56bfc062723c751e8b465ee728b)  -> (artifact id: '4f47f0c4495e3b699e607a478fdb8f34') in 0.027128 seconds 
  Import took 0.029881 seconds .

========================================================================
Received Import Request.
  Time since last request: 15.108187 seconds.
  path: Packages/com.haithere.tools.uikits/com.haithere.uikits.asmdef
  artifactKey: Guid(2a6db46c464e8654fa175cf4d81b1d1d) Importer(815301076,1909f56bfc062723c751e8b465ee728b)
Start importing Packages/com.haithere.tools.uikits/com.haithere.uikits.asmdef using Guid(2a6db46c464e8654fa175cf4d81b1d1d) Importer(815301076,1909f56bfc062723c751e8b465ee728b)  -> (artifact id: '9431532639a0f7f25a8b9fb9b561d0ff') in 0.001821 seconds 
  Import took 0.004704 seconds .

========================================================================
Received Import Request.
  Time since last request: 11.002613 seconds.
  path: Packages/com.haithere.tools.uikits/com.haithere.uikits.asmdef
  artifactKey: Guid(2a6db46c464e8654fa175cf4d81b1d1d) Importer(815301076,1909f56bfc062723c751e8b465ee728b)
Start importing Packages/com.haithere.tools.uikits/com.haithere.uikits.asmdef using Guid(2a6db46c464e8654fa175cf4d81b1d1d) Importer(815301076,1909f56bfc062723c751e8b465ee728b)  -> (artifact id: '525d1aa60700c7f72c57f00ab05052ce') in 0.001671 seconds 
  Import took 0.004390 seconds .

========================================================================
Received Import Request.
  Time since last request: 3.126473 seconds.
  path: Assets/Runtime/Examples/SimpleDropDownForLayouts.cs
  artifactKey: Guid(f2ba9e2bc7ac45a1a4481cdb741bda4d) Importer(815301076,1909f56bfc062723c751e8b465ee728b)
Start importing Assets/Runtime/Examples/SimpleDropDownForLayouts.cs using Guid(f2ba9e2bc7ac45a1a4481cdb741bda4d) Importer(815301076,1909f56bfc062723c751e8b465ee728b)  -> (artifact id: '7c51ed7fc053fd027d3882df8334882b') in 0.006102 seconds 
  Import took 0.008782 seconds .

========================================================================
Received Import Request.
  Time since last request: 0.001298 seconds.
  path: Assets/Runtime/Examples/SimpleDropDownForLayouts.cs
  artifactKey: Guid(f2ba9e2bc7ac45a1a4481cdb741bda4d) Importer(815301076,1909f56bfc062723c751e8b465ee728b)
Start importing Assets/Runtime/Examples/SimpleDropDownForLayouts.cs using Guid(f2ba9e2bc7ac45a1a4481cdb741bda4d) Importer(815301076,1909f56bfc062723c751e8b465ee728b)  -> (artifact id: '7c51ed7fc053fd027d3882df8334882b') in 0.002328 seconds 
  Import took 0.004836 seconds .

AssetImportWorkerClient::OnTransportError - code=2 error=End of file
